build/app/intermediates/manifest_merge_blame_file/release/manifest-merger-blame-release-report.txt
1<?xml version="1.0" encoding="utf-8"?>
2<manifest xmlns:android="http://schemas.android.com/apk/res/android"
3    package="id.co.msg.attendance"
4    android:versionCode="11"
5    android:versionName="7.0.9" >
6
7    <uses-sdk
8        android:minSdkVersion="21"
8-->src/main/AndroidManifest.xml
9        android:targetSdkVersion="29" />
9-->src/main/AndroidManifest.xml
10
11    <uses-permission android:name="android.permission.INTERNET" />
11-->src/main/AndroidManifest.xml:3:5-66
11-->src/main/AndroidManifest.xml:3:22-64
12    <uses-permission android:name="android.permission.CAMERA" />
12-->src/main/AndroidManifest.xml:4:5-65
12-->src/main/AndroidManifest.xml:4:22-62
13    <uses-permission android:name="android.permission.WRITE_EXTERNAL_STORAGE" />
13-->src/main/AndroidManifest.xml:5:5-81
13-->src/main/AndroidManifest.xml:5:22-78
14    <uses-permission android:name="android.permission.ACCESS_FINE_LOCATION" />
14-->src/main/AndroidManifest.xml:6:5-79
14-->src/main/AndroidManifest.xml:6:22-76
15    <uses-permission android:name="android.permission.ACCESS_COARSE_LOCATION" />
15-->src/main/AndroidManifest.xml:7:5-81
15-->src/main/AndroidManifest.xml:7:22-78
16    <uses-permission android:name="android.permission.WAKE_LOCK" />
16-->[:firebase_messaging] AndroidManifest.xml:8:5-68
16-->[:firebase_messaging] AndroidManifest.xml:8:22-65
17    <uses-permission android:name="android.permission.ACCESS_NETWORK_STATE" />
17-->[:firebase_messaging] AndroidManifest.xml:9:5-79
17-->[:firebase_messaging] AndroidManifest.xml:9:22-76
18    <uses-permission android:name="android.permission.READ_EXTERNAL_STORAGE" />
18-->[:image_picker] AndroidManifest.xml:7:5-80
18-->[:image_picker] AndroidManifest.xml:7:22-77
19
20    <queries>
20-->[:file_picker] AndroidManifest.xml:9:5-15:15
21        <intent>
21-->[:file_picker] AndroidManifest.xml:10:9-14:18
22            <action android:name="android.intent.action.GET_CONTENT" />
22-->[:file_picker] AndroidManifest.xml:11:13-72
22-->[:file_picker] AndroidManifest.xml:11:21-69
23
24            <data android:mimeType="*/*" />
24-->[:file_picker] AndroidManifest.xml:13:13-44
24-->[:file_picker] AndroidManifest.xml:13:19-41
25        </intent>
26    </queries> <!-- Required by older versions of Google Play services to create IID tokens -->
27    <uses-permission android:name="com.google.android.c2dm.permission.RECEIVE" />
27-->[com.google.firebase:firebase-iid:21.0.1] AndroidManifest.xml:26:5-82
27-->[com.google.firebase:firebase-iid:21.0.1] AndroidManifest.xml:26:22-79
28
29    <uses-feature
29-->[com.google.android.gms:play-services-maps:17.0.0] AndroidManifest.xml:26:5-28:35
30        android:glEsVersion="0x00020000"
30-->[com.google.android.gms:play-services-maps:17.0.0] AndroidManifest.xml:27:9-41
31        android:required="true" />
31-->[com.google.android.gms:play-services-maps:17.0.0] AndroidManifest.xml:28:9-32
32    <!--
33 io.flutter.app.FlutterApplication is an android.app.Application that
34         calls FlutterMain.startInitialization(this); in its onCreate method.
35         In most cases you can leave this as-is, but you if you want to provide
36         additional functionality it is fine to subclass or reimplement
37         FlutterApplication and put your custom class here. 
38        android:name="io.flutter.app.FlutterApplication"
39    -->
40    <application
40-->src/main/AndroidManifest.xml:15:5-62:19
41        android:name="io.flutter.app.FlutterApplication"
41-->src/main/AndroidManifest.xml:17:9-57
42        android:allowBackup="false"
42-->src/main/AndroidManifest.xml:19:9-36
43        android:appComponentFactory="androidx.core.app.CoreComponentFactory"
43-->[androidx.core:core:1.3.2] AndroidManifest.xml:24:18-86
44        android:fullBackupContent="false"
44-->src/main/AndroidManifest.xml:20:9-42
45        android:icon="@mipmap/ic_launcher"
45-->src/main/AndroidManifest.xml:21:9-43
46        android:label="MSG Attendance"
46-->src/main/AndroidManifest.xml:18:9-39
47        android:requestLegacyExternalStorage="true" >
47-->src/main/AndroidManifest.xml:16:9-52
48        <activity
48-->src/main/AndroidManifest.xml:22:9-54:20
49            android:name="id.co.msg.attendance.MainActivity"
49-->src/main/AndroidManifest.xml:23:13-41
50            android:configChanges="orientation|keyboardHidden|keyboard|screenSize|smallestScreenSize|locale|layoutDirection|fontScale|screenLayout|density|uiMode"
50-->src/main/AndroidManifest.xml:26:13-163
51            android:hardwareAccelerated="true"
51-->src/main/AndroidManifest.xml:27:13-47
52            android:launchMode="singleTop"
52-->src/main/AndroidManifest.xml:24:13-43
53            android:theme="@style/LaunchTheme"
53-->src/main/AndroidManifest.xml:25:13-47
54            android:windowSoftInputMode="adjustResize" >
54-->src/main/AndroidManifest.xml:28:13-55
55
56            <!--
57                 Specifies an Android theme to apply to this Activity as soon as
58                 the Android process has started. This theme is visible to the user
59                 while the Flutter UI initializes. After that, this theme continues
60                 to determine the Window background behind the Flutter UI.
61            -->
62            <meta-data
62-->src/main/AndroidManifest.xml:33:13-36:17
63                android:name="io.flutter.embedding.android.NormalTheme"
63-->src/main/AndroidManifest.xml:34:15-70
64                android:resource="@style/NormalTheme" />
64-->src/main/AndroidManifest.xml:35:15-52
65            <!--
66                 Displays an Android View that continues showing the launch screen
67                 Drawable until Flutter paints its first frame, then this splash
68                 screen fades out. A splash screen is useful to avoid any visual
69                 gap between the end of Android's launch screen and the painting of
70                 Flutter's first frame.
71            -->
72            <meta-data
72-->src/main/AndroidManifest.xml:42:13-45:17
73                android:name="io.flutter.embedding.android.SplashScreenDrawable"
73-->src/main/AndroidManifest.xml:43:15-79
74                android:resource="@drawable/launch_background" />
74-->src/main/AndroidManifest.xml:44:15-61
75
76            <intent-filter>
76-->src/main/AndroidManifest.xml:46:13-49:29
77                <action android:name="android.intent.action.MAIN" />
77-->src/main/AndroidManifest.xml:47:17-68
77-->src/main/AndroidManifest.xml:47:25-66
78
79                <category android:name="android.intent.category.LAUNCHER" />
79-->src/main/AndroidManifest.xml:48:17-76
79-->src/main/AndroidManifest.xml:48:27-74
80            </intent-filter>
81            <intent-filter>
81-->src/main/AndroidManifest.xml:50:13-53:29
82                <action android:name="FLUTTER_NOTIFICATION_CLICK" />
82-->src/main/AndroidManifest.xml:51:15-67
82-->src/main/AndroidManifest.xml:51:23-64
83
84                <category android:name="android.intent.category.DEFAULT" />
84-->src/main/AndroidManifest.xml:52:15-74
84-->src/main/AndroidManifest.xml:52:25-71
85            </intent-filter>
86        </activity>
87
88        <meta-data
88-->src/main/AndroidManifest.xml:55:9-56:68
89            android:name="com.google.android.geo.API_KEY"
89-->src/main/AndroidManifest.xml:55:20-65
90            android:value="AIzaSyAIatYtSea_CIDxO6GmPydUtS5HcDTLaF0" />
90-->src/main/AndroidManifest.xml:56:11-66
91        <!--
92             Don't delete the meta-data below.
93             This is used by the Flutter tool to generate GeneratedPluginRegistrant.java
94        -->
95        <meta-data
95-->src/main/AndroidManifest.xml:59:9-61:33
96            android:name="flutterEmbedding"
96-->src/main/AndroidManifest.xml:60:13-44
97            android:value="2" />
97-->src/main/AndroidManifest.xml:61:13-30
98
99        <service
99-->[:location] AndroidManifest.xml:11:9-15:56
100            android:name="com.lyokone.location.FlutterLocationService"
100-->[:location] AndroidManifest.xml:12:13-71
101            android:enabled="true"
101-->[:location] AndroidManifest.xml:13:13-35
102            android:exported="false"
102-->[:location] AndroidManifest.xml:14:13-37
103            android:foregroundServiceType="location" />
103-->[:location] AndroidManifest.xml:15:13-53
104        <service
104-->[:firebase_messaging] AndroidManifest.xml:12:9-15:72
105            android:name="io.flutter.plugins.firebase.messaging.FlutterFirebaseMessagingBackgroundService"
105-->[:firebase_messaging] AndroidManifest.xml:13:13-107
106            android:exported="false"
106-->[:firebase_messaging] AndroidManifest.xml:14:13-37
107            android:permission="android.permission.BIND_JOB_SERVICE" />
107-->[:firebase_messaging] AndroidManifest.xml:15:13-69
108        <service
108-->[:firebase_messaging] AndroidManifest.xml:16:9-22:19
109            android:name="io.flutter.plugins.firebase.messaging.FlutterFirebaseMessagingService"
109-->[:firebase_messaging] AndroidManifest.xml:17:13-97
110            android:exported="false" >
110-->[:firebase_messaging] AndroidManifest.xml:18:13-37
111            <intent-filter>
111-->[:firebase_messaging] AndroidManifest.xml:19:13-21:29
112                <action android:name="com.google.firebase.MESSAGING_EVENT" />
112-->[:firebase_messaging] AndroidManifest.xml:20:17-78
112-->[:firebase_messaging] AndroidManifest.xml:20:25-75
113            </intent-filter>
114        </service>
115
116        <receiver
116-->[:firebase_messaging] AndroidManifest.xml:24:9-31:20
117            android:name="io.flutter.plugins.firebase.messaging.FlutterFirebaseMessagingReceiver"
117-->[:firebase_messaging] AndroidManifest.xml:25:13-98
118            android:exported="true"
118-->[:firebase_messaging] AndroidManifest.xml:26:13-36
119            android:permission="com.google.android.c2dm.permission.SEND" >
119-->[:firebase_messaging] AndroidManifest.xml:27:13-73
120            <intent-filter>
120-->[:firebase_messaging] AndroidManifest.xml:28:13-30:29
121                <action android:name="com.google.android.c2dm.intent.RECEIVE" />
121-->[:firebase_messaging] AndroidManifest.xml:29:17-81
121-->[:firebase_messaging] AndroidManifest.xml:29:25-78
122            </intent-filter>
123        </receiver>
124
125        <service
125-->[:firebase_messaging] AndroidManifest.xml:33:9-37:19
126            android:name="com.google.firebase.components.ComponentDiscoveryService"
126-->[:firebase_messaging] AndroidManifest.xml:33:18-89
127            android:directBootAware="true"
127-->[com.google.firebase:firebase-common:19.5.0] AndroidManifest.xml:35:13-43
128            android:exported="false" >
128-->[com.google.firebase:firebase-messaging:21.0.1] AndroidManifest.xml:38:13-37
129            <meta-data
129-->[:firebase_messaging] AndroidManifest.xml:34:13-36:85
130                android:name="com.google.firebase.components:io.flutter.plugins.firebase.messaging.FlutterFirebaseAppRegistrar"
130-->[:firebase_messaging] AndroidManifest.xml:35:17-128
131                android:value="com.google.firebase.components.ComponentRegistrar" />
131-->[:firebase_messaging] AndroidManifest.xml:36:17-82
132            <meta-data
132-->[:firebase_core] AndroidManifest.xml:9:13-11:85
133                android:name="com.google.firebase.components:io.flutter.plugins.firebase.core.FlutterFirebaseCoreRegistrar"
133-->[:firebase_core] AndroidManifest.xml:10:17-124
134                android:value="com.google.firebase.components.ComponentRegistrar" />
134-->[:firebase_core] AndroidManifest.xml:11:17-82
135            <meta-data
135-->[com.google.firebase:firebase-messaging:21.0.1] AndroidManifest.xml:39:13-41:85
136                android:name="com.google.firebase.components:com.google.firebase.messaging.FirebaseMessagingRegistrar"
136-->[com.google.firebase:firebase-messaging:21.0.1] AndroidManifest.xml:40:17-119
137                android:value="com.google.firebase.components.ComponentRegistrar" />
137-->[com.google.firebase:firebase-messaging:21.0.1] AndroidManifest.xml:41:17-82
138            <meta-data
138-->[com.google.firebase:firebase-datatransport:17.0.10] AndroidManifest.xml:28:13-30:85
139                android:name="com.google.firebase.components:com.google.firebase.datatransport.TransportRegistrar"
139-->[com.google.firebase:firebase-datatransport:17.0.10] AndroidManifest.xml:29:17-115
140                android:value="com.google.firebase.components.ComponentRegistrar" />
140-->[com.google.firebase:firebase-datatransport:17.0.10] AndroidManifest.xml:30:17-82
141            <meta-data
141-->[com.google.firebase:firebase-iid:21.0.1] AndroidManifest.xml:32:13-34:85
142                android:name="com.google.firebase.components:com.google.firebase.iid.Registrar"
142-->[com.google.firebase:firebase-iid:21.0.1] AndroidManifest.xml:33:17-96
143                android:value="com.google.firebase.components.ComponentRegistrar" />
143-->[com.google.firebase:firebase-iid:21.0.1] AndroidManifest.xml:34:17-82
144            <meta-data
144-->[com.google.firebase:firebase-installations:16.3.5] AndroidManifest.xml:18:13-20:85
145                android:name="com.google.firebase.components:com.google.firebase.installations.FirebaseInstallationsRegistrar"
145-->[com.google.firebase:firebase-installations:16.3.5] AndroidManifest.xml:19:17-127
146                android:value="com.google.firebase.components.ComponentRegistrar" />
146-->[com.google.firebase:firebase-installations:16.3.5] AndroidManifest.xml:20:17-82
147            <!--
148                This registrar is not defined in the dynamic-module-support sdk itself to allow non-firebase
149                clients to use it as well, by defining this registrar in their own core/common library.
150            -->
151            <meta-data
151-->[com.google.firebase:firebase-common:19.5.0] AndroidManifest.xml:43:13-45:85
152                android:name="com.google.firebase.components:com.google.firebase.dynamicloading.DynamicLoadingRegistrar"
152-->[com.google.firebase:firebase-common:19.5.0] AndroidManifest.xml:44:17-121
153                android:value="com.google.firebase.components.ComponentRegistrar" />
153-->[com.google.firebase:firebase-common:19.5.0] AndroidManifest.xml:45:17-82
154        </service>
155
156        <provider
156-->[:firebase_messaging] AndroidManifest.xml:39:9-43:38
157            android:name="io.flutter.plugins.firebase.messaging.FlutterFirebaseMessagingInitProvider"
157-->[:firebase_messaging] AndroidManifest.xml:40:13-102
158            android:authorities="id.co.msg.attendance.flutterfirebasemessaginginitprovider"
158-->[:firebase_messaging] AndroidManifest.xml:41:13-88
159            android:exported="false"
159-->[:firebase_messaging] AndroidManifest.xml:42:13-37
160            android:initOrder="99" />
160-->[:firebase_messaging] AndroidManifest.xml:43:13-35
161        <provider
161-->[:image_picker] AndroidManifest.xml:11:9-19:20
162            android:name="io.flutter.plugins.imagepicker.ImagePickerFileProvider"
162-->[:image_picker] AndroidManifest.xml:12:13-82
163            android:authorities="id.co.msg.attendance.flutter.image_provider"
163-->[:image_picker] AndroidManifest.xml:13:13-74
164            android:exported="false"
164-->[:image_picker] AndroidManifest.xml:14:13-37
165            android:grantUriPermissions="true" >
165-->[:image_picker] AndroidManifest.xml:15:13-47
166            <meta-data
166-->[:image_picker] AndroidManifest.xml:16:13-18:75
167                android:name="android.support.FILE_PROVIDER_PATHS"
167-->[:image_picker] AndroidManifest.xml:17:17-67
168                android:resource="@xml/flutter_image_picker_file_paths" />
168-->[:image_picker] AndroidManifest.xml:18:17-72
169        </provider>
170
171        <activity
171-->[:url_launcher] AndroidManifest.xml:8:9-11:74
172            android:name="io.flutter.plugins.urllauncher.WebViewActivity"
172-->[:url_launcher] AndroidManifest.xml:9:13-74
173            android:exported="false"
173-->[:url_launcher] AndroidManifest.xml:10:13-37
174            android:theme="@android:style/Theme.NoTitleBar.Fullscreen" />
174-->[:url_launcher] AndroidManifest.xml:11:13-71
175        <!--
176             FirebaseMessagingService performs security checks at runtime,
177             but set to not exported to explicitly avoid allowing another app to call it.
178        -->
179        <service
179-->[com.google.firebase:firebase-messaging:21.0.1] AndroidManifest.xml:28:9-35:19
180            android:name="com.google.firebase.messaging.FirebaseMessagingService"
180-->[com.google.firebase:firebase-messaging:21.0.1] AndroidManifest.xml:29:13-82
181            android:directBootAware="true"
181-->[com.google.firebase:firebase-messaging:21.0.1] AndroidManifest.xml:30:13-43
182            android:exported="false" >
182-->[com.google.firebase:firebase-messaging:21.0.1] AndroidManifest.xml:31:13-37
183            <intent-filter android:priority="-500" >
183-->[:firebase_messaging] AndroidManifest.xml:19:13-21:29
184                <action android:name="com.google.firebase.MESSAGING_EVENT" />
184-->[:firebase_messaging] AndroidManifest.xml:20:17-78
184-->[:firebase_messaging] AndroidManifest.xml:20:25-75
185            </intent-filter>
186        </service>
187        <service
187-->[com.google.android.datatransport:transport-backend-cct:2.3.3] AndroidManifest.xml:29:9-35:19
188            android:name="com.google.android.datatransport.runtime.backends.TransportBackendDiscovery"
188-->[com.google.android.datatransport:transport-backend-cct:2.3.3] AndroidManifest.xml:30:13-103
189            android:exported="false" >
189-->[com.google.android.datatransport:transport-backend-cct:2.3.3] AndroidManifest.xml:31:13-37
190            <meta-data
190-->[com.google.android.datatransport:transport-backend-cct:2.3.3] AndroidManifest.xml:32:13-34:39
191                android:name="backend:com.google.android.datatransport.cct.CctBackendFactory"
191-->[com.google.android.datatransport:transport-backend-cct:2.3.3] AndroidManifest.xml:33:17-94
192                android:value="cct" />
192-->[com.google.android.datatransport:transport-backend-cct:2.3.3] AndroidManifest.xml:34:17-36
193        </service>
194
195        <receiver
195-->[com.google.firebase:firebase-iid:21.0.1] AndroidManifest.xml:37:9-44:20
196            android:name="com.google.firebase.iid.FirebaseInstanceIdReceiver"
196-->[com.google.firebase:firebase-iid:21.0.1] AndroidManifest.xml:38:13-78
197            android:exported="true"
197-->[com.google.firebase:firebase-iid:21.0.1] AndroidManifest.xml:39:13-36
198            android:permission="com.google.android.c2dm.permission.SEND" >
198-->[com.google.firebase:firebase-iid:21.0.1] AndroidManifest.xml:40:13-73
199            <intent-filter>
199-->[:firebase_messaging] AndroidManifest.xml:28:13-30:29
200                <action android:name="com.google.android.c2dm.intent.RECEIVE" />
200-->[:firebase_messaging] AndroidManifest.xml:29:17-81
200-->[:firebase_messaging] AndroidManifest.xml:29:25-78
201            </intent-filter>
202        </receiver>
203
204        <provider
204-->[com.google.firebase:firebase-common:19.5.0] AndroidManifest.xml:26:9-31:39
205            android:name="com.google.firebase.provider.FirebaseInitProvider"
205-->[com.google.firebase:firebase-common:19.5.0] AndroidManifest.xml:27:13-77
206            android:authorities="id.co.msg.attendance.firebaseinitprovider"
206-->[com.google.firebase:firebase-common:19.5.0] AndroidManifest.xml:28:13-72
207            android:directBootAware="true"
207-->[com.google.firebase:firebase-common:19.5.0] AndroidManifest.xml:29:13-43
208            android:exported="false"
208-->[com.google.firebase:firebase-common:19.5.0] AndroidManifest.xml:30:13-37
209            android:initOrder="100" /> <!-- Needs to be explicitly declared on P+ -->
209-->[com.google.firebase:firebase-common:19.5.0] AndroidManifest.xml:31:13-36
210        <uses-library
210-->[com.google.android.gms:play-services-maps:17.0.0] AndroidManifest.xml:33:9-35:40
211            android:name="org.apache.http.legacy"
211-->[com.google.android.gms:play-services-maps:17.0.0] AndroidManifest.xml:34:13-50
212            android:required="false" />
212-->[com.google.android.gms:play-services-maps:17.0.0] AndroidManifest.xml:35:13-37
213
214        <activity
214-->[com.google.android.gms:play-services-base:17.0.0] AndroidManifest.xml:23:9-26:75
215            android:name="com.google.android.gms.common.api.GoogleApiActivity"
215-->[com.google.android.gms:play-services-base:17.0.0] AndroidManifest.xml:24:13-79
216            android:exported="false"
216-->[com.google.android.gms:play-services-base:17.0.0] AndroidManifest.xml:25:13-37
217            android:theme="@android:style/Theme.Translucent.NoTitleBar" />
217-->[com.google.android.gms:play-services-base:17.0.0] AndroidManifest.xml:26:13-72
218
219        <meta-data
219-->[com.google.android.gms:play-services-basement:17.0.0] AndroidManifest.xml:23:9-25:69
220            android:name="com.google.android.gms.version"
220-->[com.google.android.gms:play-services-basement:17.0.0] AndroidManifest.xml:24:13-58
221            android:value="@integer/google_play_services_version" />
221-->[com.google.android.gms:play-services-basement:17.0.0] AndroidManifest.xml:25:13-66
222
223        <service
223-->[com.google.android.datatransport:transport-runtime:2.2.5] AndroidManifest.xml:26:9-30:19
224            android:name="com.google.android.datatransport.runtime.scheduling.jobscheduling.JobInfoSchedulerService"
224-->[com.google.android.datatransport:transport-runtime:2.2.5] AndroidManifest.xml:27:13-117
225            android:exported="false"
225-->[com.google.android.datatransport:transport-runtime:2.2.5] AndroidManifest.xml:28:13-37
226            android:permission="android.permission.BIND_JOB_SERVICE" >
226-->[com.google.android.datatransport:transport-runtime:2.2.5] AndroidManifest.xml:29:13-69
227        </service>
228
229        <receiver
229-->[com.google.android.datatransport:transport-runtime:2.2.5] AndroidManifest.xml:32:9-34:40
230            android:name="com.google.android.datatransport.runtime.scheduling.jobscheduling.AlarmManagerSchedulerBroadcastReceiver"
230-->[com.google.android.datatransport:transport-runtime:2.2.5] AndroidManifest.xml:33:13-132
231            android:exported="false" />
231-->[com.google.android.datatransport:transport-runtime:2.2.5] AndroidManifest.xml:34:13-37
232    </application>
233
234</manifest>